<?xml version="1.0" encoding="UTF-8"?>
<!-- Generated by org.testng.reporters.JUnitXMLReporter -->
<testsuite hostname="Jake" ignored="0" name="Chrome" tests="2" failures="0" timestamp="20 Aug 2017 08:08:39 GMT" time="74.712" errors="0">
  <testcase name="ValidateInitial" time="20.747" classname="inventorymanagement.DefineUnitofMeasureforQuantity"/>
  <testcase name="ValidateDefineUnitofMeasureforQuantity" time="15.878" classname="inventorymanagement.DefineUnitofMeasureforQuantity"/>
</testsuite> <!-- Chrome -->
