<?xml version="1.0" encoding="UTF-8"?>
<!-- Generated by org.testng.reporters.JUnitXMLReporter -->
<testsuite hostname="Jake" ignored="0" name="firefox" tests="2" failures="0" timestamp="20 Aug 2017 09:10:59 GMT" time="0.032" errors="0">
  <testcase name="@BeforeTest Initialize" time="0.007" classname="inventorymanagement.DefineUnitofMeasureforQuantity">
    <failure type="java.lang.NullPointerException">
      <![CDATA[java.lang.NullPointerException
	at Base.Driver.RemoteDriver(Driver.java:92)
	at Base.TestBase.Initializer(TestBase.java:37)
	at inventorymanagement.DefineUnitofMeasureforQuantity.Initialize(DefineUnitofMeasureforQuantity.java:29)
... Removed 23 stack frames]]>
    </failure>
  </testcase> <!-- @BeforeTest Initialize -->
  <testcase name="@BeforeMethod Login" time="0.0" classname="inventorymanagement.DefineUnitofMeasureforQuantity">
    <skipped/>
  </testcase> <!-- @BeforeMethod Login -->
  <testcase name="@AfterTest tearDown" time="0.0" classname="inventorymanagement.DefineUnitofMeasureforQuantity">
    <failure type="java.lang.NullPointerException">
      <![CDATA[java.lang.NullPointerException
	at inventorymanagement.DefineUnitofMeasureforQuantity.tearDown(DefineUnitofMeasureforQuantity.java:73)
... Removed 23 stack frames]]>
    </failure>
  </testcase> <!-- @AfterTest tearDown -->
  <testcase name="ValidateInitial" time="0.0" classname="inventorymanagement.DefineUnitofMeasureforQuantity">
    <skipped/>
  </testcase> <!-- ValidateInitial -->
  <testcase name="ValidateDefineUnitofMeasureforQuantity" time="0.0" classname="inventorymanagement.DefineUnitofMeasureforQuantity">
    <skipped/>
  </testcase> <!-- ValidateDefineUnitofMeasureforQuantity -->
</testsuite> <!-- firefox -->
