<?xml version="1.0" encoding="UTF-8"?>
<!-- Generated by org.testng.reporters.JUnitXMLReporter -->
<testsuite hostname="Jake" ignored="0" name="Test1" tests="1" failures="1" timestamp="19 Aug 2017 05:16:34 GMT" time="30.61" errors="0">
  <testcase name="ValidateInitial" time="19.927" classname="inventorymanagement.DefineUnitofMeasureforQuantity">
    <failure type="org.openqa.selenium.StaleElementReferenceException" message="The element reference of &amp;lt;a&amp;gt; stale: either the element is no longer attached to the DOM or the page has been refreshed
For documentation on this error, please visit: http://seleniumhq.org/exceptions/stale_element_reference.html
Build info: version: &amp;apos;3.4.0&amp;apos;, revision: &amp;apos;unknown&amp;apos;, time: &amp;apos;unknown&amp;apos;
System info: host: &amp;apos;JAKE&amp;apos;, ip: &amp;apos;192.168.1.3&amp;apos;, os.name: &amp;apos;Windows 10&amp;apos;, os.arch: &amp;apos;amd64&amp;apos;, os.version: &amp;apos;10.0&amp;apos;, java.version: &amp;apos;1.8.0_131&amp;apos;
Driver info: org.openqa.selenium.firefox.FirefoxDriver
Capabilities [{moz:profile=C:\Users\Jake\AppData\Local\Temp\rust_mozprofile.xVNkXUFcYDe5, rotatable=false, timeouts={implicit=0.0, pageLoad=300000.0, script=30000.0}, pageLoadStrategy=normal, platform=ANY, specificationLevel=0.0, moz:accessibilityChecks=false, acceptInsecureCerts=false, browserVersion=54.0.1, platformVersion=10.0, moz:processID=11388.0, browserName=firefox, javascriptEnabled=true, platformName=windows_nt}]
Session ID: 62389d33-b04e-40eb-a95d-aa10cbaba828">
      <![CDATA[org.openqa.selenium.StaleElementReferenceException: The element reference of <a> stale: either the element is no longer attached to the DOM or the page has been refreshed
For documentation on this error, please visit: http://seleniumhq.org/exceptions/stale_element_reference.html
Build info: version: '3.4.0', revision: 'unknown', time: 'unknown'
System info: host: 'JAKE', ip: '192.168.1.3', os.name: 'Windows 10', os.arch: 'amd64', os.version: '10.0', java.version: '1.8.0_131'
Driver info: org.openqa.selenium.firefox.FirefoxDriver
Capabilities [{moz:profile=C:\Users\Jake\AppData\Local\Temp\rust_mozprofile.xVNkXUFcYDe5, rotatable=false, timeouts={implicit=0.0, pageLoad=300000.0, script=30000.0}, pageLoadStrategy=normal, platform=ANY, specificationLevel=0.0, moz:accessibilityChecks=false, acceptInsecureCerts=false, browserVersion=54.0.1, platformVersion=10.0, moz:processID=11388.0, browserName=firefox, javascriptEnabled=true, platformName=windows_nt}]
Session ID: 62389d33-b04e-40eb-a95d-aa10cbaba828
	at org.openqa.selenium.remote.http.W3CHttpResponseCodec.createException(W3CHttpResponseCodec.java:150)
	at org.openqa.selenium.remote.http.W3CHttpResponseCodec.decode(W3CHttpResponseCodec.java:115)
	at org.openqa.selenium.remote.http.W3CHttpResponseCodec.decode(W3CHttpResponseCodec.java:45)
	at org.openqa.selenium.remote.HttpCommandExecutor.execute(HttpCommandExecutor.java:164)
	at org.openqa.selenium.remote.service.DriverCommandExecutor.execute(DriverCommandExecutor.java:82)
	at org.openqa.selenium.remote.RemoteWebDriver.execute(RemoteWebDriver.java:637)
	at org.openqa.selenium.remote.RemoteWebElement.execute(RemoteWebElement.java:272)
	at org.openqa.selenium.remote.RemoteWebElement.isDisplayed(RemoteWebElement.java:313)
	at org.openqa.selenium.support.ui.ExpectedConditions$9.apply(ExpectedConditions.java:262)
	at org.openqa.selenium.support.ui.ExpectedConditions$9.apply(ExpectedConditions.java:258)
	at org.openqa.selenium.support.ui.FluentWait.until(FluentWait.java:209)
	at pageObjects.InventoryList.selectProduct(InventoryList.java:59)
	at inventorymanagement.DefineUnitofMeasureforQuantity.ValidateInitial(DefineUnitofMeasureforQuantity.java:28)
... Removed 29 stack frames]]>
    </failure>
  </testcase> <!-- ValidateInitial -->
</testsuite> <!-- Test1 -->
