<?xml version="1.0" encoding="UTF-8"?>
<!-- Generated by org.testng.reporters.JUnitXMLReporter -->
<testsuite hostname="Jake" ignored="0" name="AddProduct" tests="5" failures="0" timestamp="17 Sep 2017 03:50:14 GMT" time="187.917" errors="0">
  <testcase name="AddingProduct" time="16.546" classname="com.automation.inventorymanagement.AddProduct"/>
  <testcase name="AddingProduct" time="15.299" classname="com.automation.inventorymanagement.AddProduct"/>
  <testcase name="AddingProduct" time="16.425" classname="com.automation.inventorymanagement.AddProduct"/>
  <testcase name="AddingProduct" time="15.974" classname="com.automation.inventorymanagement.AddProduct"/>
  <testcase name="AddingProduct" time="16.034" classname="com.automation.inventorymanagement.AddProduct"/>
</testsuite> <!-- AddProduct -->
