<?xml version="1.0" encoding="UTF-8"?>
<!-- Generated by org.testng.reporters.JUnitXMLReporter -->
<testsuite hostname="Jake" ignored="0" name="Fail" tests="4" failures="0" timestamp="30 Aug 2017 11:37:31 GMT" time="0.028" errors="0">
  <testcase name="Fail" time="0.008" classname="inventorymanagement.EditProduct">
    <skipped/>
  </testcase> <!-- Fail -->
  <testcase name="Fail" time="0.001" classname="inventorymanagement.EditProduct">
    <skipped/>
  </testcase> <!-- Fail -->
  <testcase name="Fail" time="0.001" classname="inventorymanagement.EditProduct">
    <skipped/>
  </testcase> <!-- Fail -->
  <testcase name="Fail" time="0.0" classname="inventorymanagement.EditProduct"/>
</testsuite> <!-- Fail -->
