<?xml version="1.0" encoding="UTF-8"?>
<!-- Generated by org.testng.reporters.JUnitXMLReporter -->
<testsuite hostname="Jake" ignored="0" name="InventoryManagement" tests="2" failures="0" timestamp="21 Aug 2017 14:11:56 GMT" time="78.415" errors="0">
  <testcase name="ValidateInitial" time="26.366" classname="inventorymanagement.DefineUnitofMeasureforQuantity"/>
  <testcase name="ValidateDefineUnitofMeasureforQuantity" time="25.835" classname="inventorymanagement.DefineUnitofMeasureforQuantity"/>
</testsuite> <!-- InventoryManagement -->
