<?xml version="1.0" encoding="UTF-8"?>
<!-- Generated by org.testng.reporters.JUnitXMLReporter -->
<testsuite hostname="Jake" ignored="2" name="ValidateInitial(failed)" tests="1" failures="0" timestamp="04 Sep 2017 13:30:47 GMT" time="59.795" errors="0">
  <testcase name="@AfterTest tearDown" time="0.001" classname="inventorymanagement.ValidateInitial">
    <failure type="java.lang.NullPointerException">
      <![CDATA[java.lang.NullPointerException
	at inventorymanagement.ValidateInitial.tearDown(ValidateInitial.java:78)
... Removed 23 stack frames]]>
    </failure>
  </testcase> <!-- @AfterTest tearDown -->
  <testcase name="@AfterTest tearDown" time="0.001" classname="inventorymanagement.ValidateUnitOfMeasure">
    <failure type="java.lang.NullPointerException">
      <![CDATA[java.lang.NullPointerException
	at inventorymanagement.ValidateUnitOfMeasure.tearDown(ValidateUnitOfMeasure.java:78)
... Removed 23 stack frames]]>
    </failure>
  </testcase> <!-- @AfterTest tearDown -->
  <testcase name="ValidateInitialDef" time="28.563" classname="inventorymanagement.ValidateInitial"/>
  <testcase name="ValidateDefineUnitofMeasureforQuantity" time="0.0" classname="inventorymanagement.ValidateUnitOfMeasure">
    <ignored/>
  </testcase> <!-- ValidateDefineUnitofMeasureforQuantity -->
  <testcase name="AddingProduct" time="0.0" classname="inventorymanagement.AddProduct">
    <ignored/>
  </testcase> <!-- AddingProduct -->
</testsuite> <!-- ValidateInitial(failed) -->
